<?xml version="1.0" encoding="UTF-8"?>
<!-- Generated by org.testng.reporters.JUnitXMLReporter -->
<testsuite ignored="0" hostname="DESKTOP-L4S2AS9" failures="0" tests="18" name="Default test" time="126.978" errors="0" timestamp="24 Sep 2018 12:49:49 GMT">
  <testcase classname="mikaels.frank.FrankTestClass" name="Test01_Verify_Frank_Title" time="0.024"/>
  <testcase classname="mikaels.frank.FrankTestClass" name="Test02_Perform_Signin" time="11.401"/>
  <testcase classname="mikaels.frank.FrankTestClass" name="Test03_Verify_Signin" time="0.12"/>
  <testcase classname="mikaels.frank.FrankTestClass" name="Test04_Click_Create_Campaign" time="5.1"/>
  <testcase classname="mikaels.frank.FrankTestClass" name="Test05_Campaign_Setup_Step" time="9.007"/>
  <testcase classname="mikaels.frank.FrankTestClass" name="Test06_Select_Location" time="5.479"/>
  <testcase classname="mikaels.frank.FrankTestClass" name="Test07_Click_Save_And_Continue" time="2.171"/>
  <testcase classname="mikaels.frank.FrankTestClass" name="Test08_Select_Age_Group" time="1.574"/>
  <testcase classname="mikaels.frank.FrankTestClass" name="Test09_Select_Target_Language_Speakers" time="1.09"/>
  <testcase classname="mikaels.frank.FrankTestClass" name="Test10_Select_Specific_Interest" time="12.077"/>
  <testcase classname="mikaels.frank.FrankTestClass" name="Test11_Upload_1000_Contacts_txt_or_csv" time="11.438"/>
  <testcase classname="mikaels.frank.FrankTestClass" name="Test12_Click_Save_And_Continue2" time="5.174"/>
  <testcase classname="mikaels.frank.FrankTestClass" name="Test13_Click_Create_Fb_Ad" time="1.152"/>
  <testcase classname="mikaels.frank.FrankTestClass" name="Test14_Fill_Fb_Ad_Form" time="13.88"/>
  <testcase classname="mikaels.frank.FrankTestClass" name="Test15_Upload_Banners" time="8.62"/>
  <testcase classname="mikaels.frank.FrankTestClass" name="Test16_Click_Continue_To_Billing" time="5.182"/>
  <testcase classname="mikaels.frank.FrankTestClass" name="Test17_Select_End_Date" time="16.768"/>
  <testcase classname="mikaels.frank.FrankTestClass" name="Test18_Create_Campaign_And_Verify" time="1.151"/>
</testsuite> <!-- Default test -->
