<?xml version="1.0" encoding="UTF-8"?>
<testsuite xmlns:xsi="http://www.w3.org/2001/XMLSchema-instance" xsi:noNamespaceSchemaLocation="https://maven.apache.org/surefire/maven-surefire-plugin/xsd/surefire-test-report.xsd" name="TestSuite" time="495.507" tests="36" errors="0" skipped="0" failures="5">
  <properties>
[...]
</properties>
  <testcase name="Test01_Verify_Frank_Title" classname="mikaels.frank.FbCampaignCreation" time="0"/>
  <testcase name="Test02_Perform_Signin" classname="mikaels.frank.FbCampaignCreation" time="11.524"/>
  <testcase name="Test03_Verify_Signin" classname="mikaels.frank.FbCampaignCreation" time="0.137"/>
  <testcase name="Test04_Click_Create_Campaign" classname="mikaels.frank.FbCampaignCreation" time="5.13"/>
  <testcase name="Test05_Campaign_Setup_Step" classname="mikaels.frank.FbCampaignCreation" time="9.047"/>
  <testcase name="Test06_Select_Location" classname="mikaels.frank.FbCampaignCreation" time="5.588"/>
  <testcase name="Test07_Click_Save_And_Continue" classname="mikaels.frank.FbCampaignCreation" time="2.202"/>
  <testcase name="Test08_Select_Age_Group" classname="mikaels.frank.FbCampaignCreation" time="2.12"/>
  <testcase name="Test09_Select_Target_Language_Speakers" classname="mikaels.frank.FbCampaignCreation" time="1.125"/>
  <testcase name="Test10_Select_Specific_Interest" classname="mikaels.frank.FbCampaignCreation" time="12.007"/>
  <testcase name="Test11_Upload_1000_Contacts_txt_or_csv" classname="mikaels.frank.FbCampaignCreation" time="11.43"/>
  <testcase name="Test12_Click_Save_And_Continue2" classname="mikaels.frank.FbCampaignCreation" time="5.166"/>
  <testcase name="Test13_Click_Create_Fb_Ad" classname="mikaels.frank.FbCampaignCreation" time="1.134"/>
  <testcase name="Test14_Fill_Fb_Ad_Form" classname="mikaels.frank.FbCampaignCreation" time="14.092"/>
  <testcase name="Test15_Upload_Banners" classname="mikaels.frank.FbCampaignCreation" time="8.658"/>
  <testcase name="Test16_Click_Continue_To_Billing" classname="mikaels.frank.FbCampaignCreation" time="5.117"/>
  <testcase name="Test17_Select_End_Date" classname="mikaels.frank.FbCampaignCreation" time="7.677">
    <failure message="unknown error: Element &lt;button type=&quot;submit&quot; onclick=&quot;this.className+=&apos; disabled&apos;;&quot; class=&quot;ui big orange button right floated&quot;&gt;...&lt;/button&gt; is not clickable at point (864, 525). Other element would receive the click: &lt;td class=&quot;six wide&quot;&gt;...&lt;/td&gt;&#10;  (Session info: chrome=68.0.3440.106)&#10;  (Driver info: chromedriver=2.35.528161 (5b82f2d2aae0ca24b877009200ced9065a772e73),platform=Windows NT 10.0.17134 x86_64) (WARNING: The server did not provide any stacktrace information)&#10;Command duration or timeout: 0 milliseconds&#10;Build info: version: &apos;3.11.0&apos;, revision: &apos;e59cfb3&apos;, time: &apos;2018-03-11T20:26:55.152Z&apos;&#10;System info: host: &apos;DESKTOP-L4S2AS9&apos;, ip: &apos;192.168.0.114&apos;, os.name: &apos;Windows 10&apos;, os.arch: &apos;amd64&apos;, os.version: &apos;10.0&apos;, java.version: &apos;10.0.2&apos;&#10;Driver info: org.openqa.selenium.chrome.ChromeDriver&#10;Capabilities {acceptInsecureCerts: false, acceptSslCerts: false, applicationCacheEnabled: false, browserConnectionEnabled: false, browserName: chrome, chrome: {chromedriverVersion: 2.35.528161 (5b82f2d2aae0ca..., userDataDir: C:\Users\ABC\AppData\Local\...}, cssSelectorsEnabled: true, databaseEnabled: false, handlesAlerts: true, hasTouchScreen: false, javascriptEnabled: true, locationContextEnabled: true, mobileEmulationEnabled: false, nativeEvents: true, networkConnectionEnabled: false, pageLoadStrategy: normal, platform: XP, platformName: XP, rotatable: false, setWindowRect: true, takesHeapSnapshot: true, takesScreenshot: true, unexpectedAlertBehaviour: , unhandledPromptBehavior: , version: 68.0.3440.106, webStorageEnabled: true}&#10;Session ID: bf706bbf7adc9efb3d635054ccee72b5" type="org.openqa.selenium.WebDriverException"><![CDATA[org.openqa.selenium.WebDriverException: 
unknown error: Element <button type="submit" onclick="this.className+=' disabled';" class="ui big orange button right floated">...</button> is not clickable at point (864, 525). Other element would receive the click: <td class="six wide">...</td>
  (Session info: chrome=68.0.3440.106)
  (Driver info: chromedriver=2.35.528161 (5b82f2d2aae0ca24b877009200ced9065a772e73),platform=Windows NT 10.0.17134 x86_64) (WARNING: The server did not provide any stacktrace information)
Command duration or timeout: 0 milliseconds
Build info: version: '3.11.0', revision: 'e59cfb3', time: '2018-03-11T20:26:55.152Z'
System info: host: 'DESKTOP-L4S2AS9', ip: '192.168.0.114', os.name: 'Windows 10', os.arch: 'amd64', os.version: '10.0', java.version: '10.0.2'
Driver info: org.openqa.selenium.chrome.ChromeDriver
Capabilities {acceptInsecureCerts: false, acceptSslCerts: false, applicationCacheEnabled: false, browserConnectionEnabled: false, browserName: chrome, chrome: {chromedriverVersion: 2.35.528161 (5b82f2d2aae0ca..., userDataDir: C:\Users\ABC\AppData\Local\...}, cssSelectorsEnabled: true, databaseEnabled: false, handlesAlerts: true, hasTouchScreen: false, javascriptEnabled: true, locationContextEnabled: true, mobileEmulationEnabled: false, nativeEvents: true, networkConnectionEnabled: false, pageLoadStrategy: normal, platform: XP, platformName: XP, rotatable: false, setWindowRect: true, takesHeapSnapshot: true, takesScreenshot: true, unexpectedAlertBehaviour: , unhandledPromptBehavior: , version: 68.0.3440.106, webStorageEnabled: true}
Session ID: bf706bbf7adc9efb3d635054ccee72b5
	at mikaels.frank.FbCampaignCreation.Test17_Select_End_Date(FbCampaignCreation.java:119)
]]></failure>
  </testcase>
  <testcase name="Test18_Create_Campaign_And_Verify" classname="mikaels.frank.FbCampaignCreation" time="121.181">
    <failure message="Expected condition failed: waiting for visibility of Proxy element for: DefaultElementLocator &apos;By.xpath: //html/body/div[3]/div/div[1]/div[2]/div&apos; (tried for 60 second(s) with 500 milliseconds interval)" type="org.openqa.selenium.TimeoutException">org.openqa.selenium.TimeoutException: Expected condition failed: waiting for visibility of Proxy element for: DefaultElementLocator 'By.xpath: //html/body/div[3]/div/div[1]/div[2]/div' (tried for 60 second(s) with 500 milliseconds interval)
	at mikaels.frank.FbCampaignCreation.Test18_Create_Campaign_And_Verify(FbCampaignCreation.java:124)
Caused by: org.openqa.selenium.NoSuchElementException: 
no such element: Unable to locate element: {"method":"xpath","selector":"//html/body/div[3]/div/div[1]/div[2]/div"}
  (Session info: chrome=68.0.3440.106)
  (Driver info: chromedriver=2.35.528161 (5b82f2d2aae0ca24b877009200ced9065a772e73),platform=Windows NT 10.0.17134 x86_64) (WARNING: The server did not provide any stacktrace information)
Command duration or timeout: 0 milliseconds
For documentation on this error, please visit: http://seleniumhq.org/exceptions/no_such_element.html
Build info: version: '3.11.0', revision: 'e59cfb3', time: '2018-03-11T20:26:55.152Z'
System info: host: 'DESKTOP-L4S2AS9', ip: '192.168.0.114', os.name: 'Windows 10', os.arch: 'amd64', os.version: '10.0', java.version: '10.0.2'
Driver info: org.openqa.selenium.chrome.ChromeDriver
Capabilities {acceptInsecureCerts: false, acceptSslCerts: false, applicationCacheEnabled: false, browserConnectionEnabled: false, browserName: chrome, chrome: {chromedriverVersion: 2.35.528161 (5b82f2d2aae0ca..., userDataDir: C:\Users\ABC\AppData\Local\...}, cssSelectorsEnabled: true, databaseEnabled: false, handlesAlerts: true, hasTouchScreen: false, javascriptEnabled: true, locationContextEnabled: true, mobileEmulationEnabled: false, nativeEvents: true, networkConnectionEnabled: false, pageLoadStrategy: normal, platform: XP, platformName: XP, rotatable: false, setWindowRect: true, takesHeapSnapshot: true, takesScreenshot: true, unexpectedAlertBehaviour: , unhandledPromptBehavior: , version: 68.0.3440.106, webStorageEnabled: true}
Session ID: bf706bbf7adc9efb3d635054ccee72b5
*** Element info: {Using=xpath, value=//html/body/div[3]/div/div[1]/div[2]/div}
	at mikaels.frank.FbCampaignCreation.Test18_Create_Campaign_And_Verify(FbCampaignCreation.java:124)
</failure>
  </testcase>
  <testcase name="Test01_Verify_Frank_Title" classname="mikaels.frank.AdwordsCampaignCreation" time="0.007"/>
  <testcase name="Test02_Perform_Signin" classname="mikaels.frank.AdwordsCampaignCreation" time="11.872"/>
  <testcase name="Test03_Verify_Signin" classname="mikaels.frank.AdwordsCampaignCreation" time="2.457"/>
  <testcase name="Test04_Click_Create_Campaign" classname="mikaels.frank.AdwordsCampaignCreation" time="5.099"/>
  <testcase name="Test05_Campaign_Setup_Step" classname="mikaels.frank.AdwordsCampaignCreation" time="27.85"/>
  <testcase name="Test06_Select_Location" classname="mikaels.frank.AdwordsCampaignCreation" time="5.783"/>
  <testcase name="Test07_Click_Save_And_Continue" classname="mikaels.frank.AdwordsCampaignCreation" time="2.222"/>
  <testcase name="Test08_Select_Age_Group" classname="mikaels.frank.AdwordsCampaignCreation" time="5.288"/>
  <testcase name="Test09_Select_Target_Language_Speakers" classname="mikaels.frank.AdwordsCampaignCreation" time="1.159"/>
  <testcase name="Test10_Select_Specific_Interest" classname="mikaels.frank.AdwordsCampaignCreation" time="12.086"/>
  <testcase name="Test11_Upload_1000_Contacts_txt_or_csv" classname="mikaels.frank.AdwordsCampaignCreation" time="11.193"/>
  <testcase name="Test12_Click_Save_And_Continue2" classname="mikaels.frank.AdwordsCampaignCreation" time="5.178"/>
  <testcase name="Test13_Click_Create_Adwords_Ad" classname="mikaels.frank.AdwordsCampaignCreation" time="1.102"/>
  <testcase name="Test14_Fill_Fb_Ad_Form" classname="mikaels.frank.AdwordsCampaignCreation" time="3.529"/>
  <testcase name="Test15_Upload_Banners" classname="mikaels.frank.AdwordsCampaignCreation" time="8.679"/>
  <testcase name="Test16_Click_Continue_To_Billing" classname="mikaels.frank.AdwordsCampaignCreation" time="5.061">
    <failure message="unknown error: Element &lt;button id=&quot;save-creatives&quot; type=&quot;submit&quot; class=&quot;ui big orange button right floated&quot;&gt;...&lt;/button&gt; is not clickable at point (884, 33). Other element would receive the click: &lt;a class=&quot;ui secondary button&quot; href=&quot;https://dev.frank.ai/campaigns/new&quot;&gt;...&lt;/a&gt;&#10;  (Session info: chrome=68.0.3440.106)&#10;  (Driver info: chromedriver=2.35.528161 (5b82f2d2aae0ca24b877009200ced9065a772e73),platform=Windows NT 10.0.17134 x86_64) (WARNING: The server did not provide any stacktrace information)&#10;Command duration or timeout: 0 milliseconds&#10;Build info: version: &apos;3.11.0&apos;, revision: &apos;e59cfb3&apos;, time: &apos;2018-03-11T20:26:55.152Z&apos;&#10;System info: host: &apos;DESKTOP-L4S2AS9&apos;, ip: &apos;192.168.0.114&apos;, os.name: &apos;Windows 10&apos;, os.arch: &apos;amd64&apos;, os.version: &apos;10.0&apos;, java.version: &apos;10.0.2&apos;&#10;Driver info: org.openqa.selenium.chrome.ChromeDriver&#10;Capabilities {acceptInsecureCerts: false, acceptSslCerts: false, applicationCacheEnabled: false, browserConnectionEnabled: false, browserName: chrome, chrome: {chromedriverVersion: 2.35.528161 (5b82f2d2aae0ca..., userDataDir: C:\Users\ABC\AppData\Local\...}, cssSelectorsEnabled: true, databaseEnabled: false, handlesAlerts: true, hasTouchScreen: false, javascriptEnabled: true, locationContextEnabled: true, mobileEmulationEnabled: false, nativeEvents: true, networkConnectionEnabled: false, pageLoadStrategy: normal, platform: XP, platformName: XP, rotatable: false, setWindowRect: true, takesHeapSnapshot: true, takesScreenshot: true, unexpectedAlertBehaviour: , unhandledPromptBehavior: , version: 68.0.3440.106, webStorageEnabled: true}&#10;Session ID: 95e5202d7ae802be45124b9b24c36e86" type="org.openqa.selenium.WebDriverException"><![CDATA[org.openqa.selenium.WebDriverException: 
unknown error: Element <button id="save-creatives" type="submit" class="ui big orange button right floated">...</button> is not clickable at point (884, 33). Other element would receive the click: <a class="ui secondary button" href="https://dev.frank.ai/campaigns/new">...</a>
  (Session info: chrome=68.0.3440.106)
  (Driver info: chromedriver=2.35.528161 (5b82f2d2aae0ca24b877009200ced9065a772e73),platform=Windows NT 10.0.17134 x86_64) (WARNING: The server did not provide any stacktrace information)
Command duration or timeout: 0 milliseconds
Build info: version: '3.11.0', revision: 'e59cfb3', time: '2018-03-11T20:26:55.152Z'
System info: host: 'DESKTOP-L4S2AS9', ip: '192.168.0.114', os.name: 'Windows 10', os.arch: 'amd64', os.version: '10.0', java.version: '10.0.2'
Driver info: org.openqa.selenium.chrome.ChromeDriver
Capabilities {acceptInsecureCerts: false, acceptSslCerts: false, applicationCacheEnabled: false, browserConnectionEnabled: false, browserName: chrome, chrome: {chromedriverVersion: 2.35.528161 (5b82f2d2aae0ca..., userDataDir: C:\Users\ABC\AppData\Local\...}, cssSelectorsEnabled: true, databaseEnabled: false, handlesAlerts: true, hasTouchScreen: false, javascriptEnabled: true, locationContextEnabled: true, mobileEmulationEnabled: false, nativeEvents: true, networkConnectionEnabled: false, pageLoadStrategy: normal, platform: XP, platformName: XP, rotatable: false, setWindowRect: true, takesHeapSnapshot: true, takesScreenshot: true, unexpectedAlertBehaviour: , unhandledPromptBehavior: , version: 68.0.3440.106, webStorageEnabled: true}
Session ID: 95e5202d7ae802be45124b9b24c36e86
	at mikaels.frank.AdwordsCampaignCreation.Test16_Click_Continue_To_Billing(AdwordsCampaignCreation.java:111)
]]></failure>
  </testcase>
  <testcase name="Test17_Select_End_Date" classname="mikaels.frank.AdwordsCampaignCreation" time="60.034">
    <failure message="no such element: Unable to locate element: {&quot;method&quot;:&quot;css selector&quot;,&quot;selector&quot;:&quot;[id = &apos;end-date-input&apos;]&quot;}&#10;  (Session info: chrome=68.0.3440.106)&#10;  (Driver info: chromedriver=2.35.528161 (5b82f2d2aae0ca24b877009200ced9065a772e73),platform=Windows NT 10.0.17134 x86_64) (WARNING: The server did not provide any stacktrace information)&#10;Command duration or timeout: 0 milliseconds&#10;For documentation on this error, please visit: http://seleniumhq.org/exceptions/no_such_element.html&#10;Build info: version: &apos;3.11.0&apos;, revision: &apos;e59cfb3&apos;, time: &apos;2018-03-11T20:26:55.152Z&apos;&#10;System info: host: &apos;DESKTOP-L4S2AS9&apos;, ip: &apos;192.168.0.114&apos;, os.name: &apos;Windows 10&apos;, os.arch: &apos;amd64&apos;, os.version: &apos;10.0&apos;, java.version: &apos;10.0.2&apos;&#10;Driver info: org.openqa.selenium.chrome.ChromeDriver&#10;Capabilities {acceptInsecureCerts: false, acceptSslCerts: false, applicationCacheEnabled: false, browserConnectionEnabled: false, browserName: chrome, chrome: {chromedriverVersion: 2.35.528161 (5b82f2d2aae0ca..., userDataDir: C:\Users\ABC\AppData\Local\...}, cssSelectorsEnabled: true, databaseEnabled: false, handlesAlerts: true, hasTouchScreen: false, javascriptEnabled: true, locationContextEnabled: true, mobileEmulationEnabled: false, nativeEvents: true, networkConnectionEnabled: false, pageLoadStrategy: normal, platform: XP, platformName: XP, rotatable: false, setWindowRect: true, takesHeapSnapshot: true, takesScreenshot: true, unexpectedAlertBehaviour: , unhandledPromptBehavior: , version: 68.0.3440.106, webStorageEnabled: true}&#10;Session ID: 95e5202d7ae802be45124b9b24c36e86&#10;*** Element info: {Using=css selector, value=[id = &apos;end-date-input&apos;]}" type="org.openqa.selenium.NoSuchElementException">org.openqa.selenium.NoSuchElementException: 
no such element: Unable to locate element: {"method":"css selector","selector":"[id = 'end-date-input']"}
  (Session info: chrome=68.0.3440.106)
  (Driver info: chromedriver=2.35.528161 (5b82f2d2aae0ca24b877009200ced9065a772e73),platform=Windows NT 10.0.17134 x86_64) (WARNING: The server did not provide any stacktrace information)
Command duration or timeout: 0 milliseconds
For documentation on this error, please visit: http://seleniumhq.org/exceptions/no_such_element.html
Build info: version: '3.11.0', revision: 'e59cfb3', time: '2018-03-11T20:26:55.152Z'
System info: host: 'DESKTOP-L4S2AS9', ip: '192.168.0.114', os.name: 'Windows 10', os.arch: 'amd64', os.version: '10.0', java.version: '10.0.2'
Driver info: org.openqa.selenium.chrome.ChromeDriver
Capabilities {acceptInsecureCerts: false, acceptSslCerts: false, applicationCacheEnabled: false, browserConnectionEnabled: false, browserName: chrome, chrome: {chromedriverVersion: 2.35.528161 (5b82f2d2aae0ca..., userDataDir: C:\Users\ABC\AppData\Local\...}, cssSelectorsEnabled: true, databaseEnabled: false, handlesAlerts: true, hasTouchScreen: false, javascriptEnabled: true, locationContextEnabled: true, mobileEmulationEnabled: false, nativeEvents: true, networkConnectionEnabled: false, pageLoadStrategy: normal, platform: XP, platformName: XP, rotatable: false, setWindowRect: true, takesHeapSnapshot: true, takesScreenshot: true, unexpectedAlertBehaviour: , unhandledPromptBehavior: , version: 68.0.3440.106, webStorageEnabled: true}
Session ID: 95e5202d7ae802be45124b9b24c36e86
*** Element info: {Using=css selector, value=[id = 'end-date-input']}
	at mikaels.frank.AdwordsCampaignCreation.Test17_Select_End_Date(AdwordsCampaignCreation.java:116)
</failure>
  </testcase>
  <testcase name="Test18_Create_Campaign_And_Verify" classname="mikaels.frank.AdwordsCampaignCreation" time="61.409">
    <failure message="Expected condition failed: waiting for visibility of [[ChromeDriver: chrome on XP (95e5202d7ae802be45124b9b24c36e86)] -&gt; xpath: //html/body/div[3]/div/div[1]/div[2]/div] (tried for 60 second(s) with 500 milliseconds interval)&#10;Build info: version: &apos;3.11.0&apos;, revision: &apos;e59cfb3&apos;, time: &apos;2018-03-11T20:26:55.152Z&apos;&#10;System info: host: &apos;DESKTOP-L4S2AS9&apos;, ip: &apos;192.168.0.114&apos;, os.name: &apos;Windows 10&apos;, os.arch: &apos;amd64&apos;, os.version: &apos;10.0&apos;, java.version: &apos;10.0.2&apos;&#10;Driver info: org.openqa.selenium.chrome.ChromeDriver&#10;Capabilities {acceptInsecureCerts: false, acceptSslCerts: false, applicationCacheEnabled: false, browserConnectionEnabled: false, browserName: chrome, chrome: {chromedriverVersion: 2.35.528161 (5b82f2d2aae0ca..., userDataDir: C:\Users\ABC\AppData\Local\...}, cssSelectorsEnabled: true, databaseEnabled: false, handlesAlerts: true, hasTouchScreen: false, javascriptEnabled: true, locationContextEnabled: true, mobileEmulationEnabled: false, nativeEvents: true, networkConnectionEnabled: false, pageLoadStrategy: normal, platform: XP, platformName: XP, rotatable: false, setWindowRect: true, takesHeapSnapshot: true, takesScreenshot: true, unexpectedAlertBehaviour: , unhandledPromptBehavior: , version: 68.0.3440.106, webStorageEnabled: true}&#10;Session ID: 95e5202d7ae802be45124b9b24c36e86" type="org.openqa.selenium.TimeoutException">org.openqa.selenium.TimeoutException: 
Expected condition failed: waiting for visibility of [[ChromeDriver: chrome on XP (95e5202d7ae802be45124b9b24c36e86)] -> xpath: //html/body/div[3]/div/div[1]/div[2]/div] (tried for 60 second(s) with 500 milliseconds interval)
Build info: version: '3.11.0', revision: 'e59cfb3', time: '2018-03-11T20:26:55.152Z'
System info: host: 'DESKTOP-L4S2AS9', ip: '192.168.0.114', os.name: 'Windows 10', os.arch: 'amd64', os.version: '10.0', java.version: '10.0.2'
Driver info: org.openqa.selenium.chrome.ChromeDriver
Capabilities {acceptInsecureCerts: false, acceptSslCerts: false, applicationCacheEnabled: false, browserConnectionEnabled: false, browserName: chrome, chrome: {chromedriverVersion: 2.35.528161 (5b82f2d2aae0ca..., userDataDir: C:\Users\ABC\AppData\Local\...}, cssSelectorsEnabled: true, databaseEnabled: false, handlesAlerts: true, hasTouchScreen: false, javascriptEnabled: true, locationContextEnabled: true, mobileEmulationEnabled: false, nativeEvents: true, networkConnectionEnabled: false, pageLoadStrategy: normal, platform: XP, platformName: XP, rotatable: false, setWindowRect: true, takesHeapSnapshot: true, takesScreenshot: true, unexpectedAlertBehaviour: , unhandledPromptBehavior: , version: 68.0.3440.106, webStorageEnabled: true}
Session ID: 95e5202d7ae802be45124b9b24c36e86
	at mikaels.frank.AdwordsCampaignCreation.Test18_Create_Campaign_And_Verify(AdwordsCampaignCreation.java:121)
</failure>
  </testcase>
</testsuite>