<?xml version="1.0" encoding="UTF-8"?>
<testsuite xmlns:xsi="http://www.w3.org/2001/XMLSchema-instance" xsi:noNamespaceSchemaLocation="https://maven.apache.org/surefire/maven-surefire-plugin/xsd/surefire-test-report.xsd" name="TestSuite" time="126.49" tests="18" errors="0" skipped="0" failures="0">
  <properties>
[...]
</properties>
  <testcase name="Test01_Verify_Frank_Title" classname="mikaels.frank.FrankTestClass" time="0.015"/>
  <testcase name="Test02_Perform_Signin" classname="mikaels.frank.FrankTestClass" time="11.419"/>
  <testcase name="Test03_Verify_Signin" classname="mikaels.frank.FrankTestClass" time="0.151"/>
  <testcase name="Test04_Click_Create_Campaign" classname="mikaels.frank.FrankTestClass" time="5.096"/>
  <testcase name="Test05_Campaign_Setup_Step" classname="mikaels.frank.FrankTestClass" time="8.956"/>
  <testcase name="Test06_Select_Location" classname="mikaels.frank.FrankTestClass" time="5.413"/>
  <testcase name="Test07_Click_Save_And_Continue" classname="mikaels.frank.FrankTestClass" time="2.178"/>
  <testcase name="Test08_Select_Age_Group" classname="mikaels.frank.FrankTestClass" time="1.812"/>
  <testcase name="Test09_Select_Target_Language_Speakers" classname="mikaels.frank.FrankTestClass" time="1.124"/>
  <testcase name="Test10_Select_Specific_Interest" classname="mikaels.frank.FrankTestClass" time="11.846"/>
  <testcase name="Test11_Upload_1000_Contacts_txt_or_csv" classname="mikaels.frank.FrankTestClass" time="11.555"/>
  <testcase name="Test12_Click_Save_And_Continue2" classname="mikaels.frank.FrankTestClass" time="5.174"/>
  <testcase name="Test13_Click_Create_Fb_Ad" classname="mikaels.frank.FrankTestClass" time="1.136"/>
  <testcase name="Test14_Fill_Fb_Ad_Form" classname="mikaels.frank.FrankTestClass" time="13.824"/>
  <testcase name="Test15_Upload_Banners" classname="mikaels.frank.FrankTestClass" time="8.624"/>
  <testcase name="Test16_Click_Continue_To_Billing" classname="mikaels.frank.FrankTestClass" time="5.104"/>
  <testcase name="Test17_Select_End_Date" classname="mikaels.frank.FrankTestClass" time="16.762"/>
  <testcase name="Test18_Create_Campaign_And_Verify" classname="mikaels.frank.FrankTestClass" time="1.144"/>
</testsuite>