<?xml version="1.0" encoding="UTF-8"?>
<testng-results ignored="0" total="18" passed="18" failed="0" skipped="0">
  <reporter-output>
    <line>
      <![CDATA[setting value isnull]]>
    </line>
    <line>
      <![CDATA[=================================================================]]>
    </line>
    <line>
      <![CDATA[=================================================================]]>
    </line>
    <line>
      <![CDATA[[INFO]: TEST BROWSER IS  CHROME]]>
    </line>
    <line>
      <![CDATA[=================================================================]]>
    </line>
    <line>
      <![CDATA[=================================================================]]>
    </line>
  </reporter-output>
  <suite started-at="2018-09-24T13:27:02Z" name="frankSuite" finished-at="2018-09-24T13:29:07Z" duration-ms="125246">
    <groups>
    </groups>
    <test started-at="2018-09-24T13:27:02Z" name="campaignCreation" finished-at="2018-09-24T13:29:07Z" duration-ms="125246">
      <class name="mikaels.frank.FrankTestClass">
        <test-method is-config="true" signature="beforeClass()[pri:0, instance:mikaels.frank.FrankTestClass@2925bf5b]" started-at="2018-09-24T13:27:02Z" name="beforeClass" finished-at="2018-09-24T13:27:16Z" duration-ms="13614" status="PASS">
          <reporter-output>
            <line>
              <![CDATA[setting value isnull]]>
            </line>
            <line>
              <![CDATA[=================================================================]]>
            </line>
            <line>
              <![CDATA[=================================================================]]>
            </line>
            <line>
              <![CDATA[[INFO]: TEST BROWSER IS  CHROME]]>
            </line>
            <line>
              <![CDATA[=================================================================]]>
            </line>
            <line>
              <![CDATA[=================================================================]]>
            </line>
          </reporter-output>
        </test-method> <!-- beforeClass -->
        <test-method signature="Test01_Verify_Frank_Title()[pri:0, instance:mikaels.frank.FrankTestClass@2925bf5b]" started-at="2018-09-24T13:27:16Z" name="Test01_Verify_Frank_Title" finished-at="2018-09-24T13:27:16Z" duration-ms="15" status="PASS">
          <reporter-output>
          </reporter-output>
        </test-method> <!-- Test01_Verify_Frank_Title -->
        <test-method signature="Test02_Perform_Signin()[pri:0, instance:mikaels.frank.FrankTestClass@2925bf5b]" started-at="2018-09-24T13:27:16Z" name="Test02_Perform_Signin" finished-at="2018-09-24T13:27:27Z" duration-ms="11420" status="PASS">
          <reporter-output>
          </reporter-output>
        </test-method> <!-- Test02_Perform_Signin -->
        <test-method signature="Test03_Verify_Signin()[pri:0, instance:mikaels.frank.FrankTestClass@2925bf5b]" started-at="2018-09-24T13:27:27Z" name="Test03_Verify_Signin" finished-at="2018-09-24T13:27:27Z" duration-ms="145" status="PASS">
          <reporter-output>
          </reporter-output>
        </test-method> <!-- Test03_Verify_Signin -->
        <test-method signature="Test04_Click_Create_Campaign()[pri:0, instance:mikaels.frank.FrankTestClass@2925bf5b]" started-at="2018-09-24T13:27:27Z" name="Test04_Click_Create_Campaign" finished-at="2018-09-24T13:27:33Z" duration-ms="5102" status="PASS">
          <reporter-output>
          </reporter-output>
        </test-method> <!-- Test04_Click_Create_Campaign -->
        <test-method signature="Test05_Campaign_Setup_Step()[pri:0, instance:mikaels.frank.FrankTestClass@2925bf5b]" started-at="2018-09-24T13:27:33Z" name="Test05_Campaign_Setup_Step" finished-at="2018-09-24T13:27:41Z" duration-ms="8956" status="PASS">
          <reporter-output>
          </reporter-output>
        </test-method> <!-- Test05_Campaign_Setup_Step -->
        <test-method signature="Test06_Select_Location()[pri:0, instance:mikaels.frank.FrankTestClass@2925bf5b]" started-at="2018-09-24T13:27:41Z" name="Test06_Select_Location" finished-at="2018-09-24T13:27:47Z" duration-ms="5412" status="PASS">
          <reporter-output>
          </reporter-output>
        </test-method> <!-- Test06_Select_Location -->
        <test-method signature="Test07_Click_Save_And_Continue()[pri:0, instance:mikaels.frank.FrankTestClass@2925bf5b]" started-at="2018-09-24T13:27:47Z" name="Test07_Click_Save_And_Continue" finished-at="2018-09-24T13:27:49Z" duration-ms="2179" status="PASS">
          <reporter-output>
          </reporter-output>
        </test-method> <!-- Test07_Click_Save_And_Continue -->
        <test-method signature="Test08_Select_Age_Group()[pri:0, instance:mikaels.frank.FrankTestClass@2925bf5b]" started-at="2018-09-24T13:27:49Z" name="Test08_Select_Age_Group" finished-at="2018-09-24T13:27:51Z" duration-ms="1811" status="PASS">
          <reporter-output>
          </reporter-output>
        </test-method> <!-- Test08_Select_Age_Group -->
        <test-method signature="Test09_Select_Target_Language_Speakers()[pri:0, instance:mikaels.frank.FrankTestClass@2925bf5b]" started-at="2018-09-24T13:27:51Z" name="Test09_Select_Target_Language_Speakers" finished-at="2018-09-24T13:27:52Z" duration-ms="1125" status="PASS">
          <reporter-output>
          </reporter-output>
        </test-method> <!-- Test09_Select_Target_Language_Speakers -->
        <test-method signature="Test10_Select_Specific_Interest()[pri:0, instance:mikaels.frank.FrankTestClass@2925bf5b]" started-at="2018-09-24T13:27:52Z" name="Test10_Select_Specific_Interest" finished-at="2018-09-24T13:28:04Z" duration-ms="11845" status="PASS">
          <reporter-output>
          </reporter-output>
        </test-method> <!-- Test10_Select_Specific_Interest -->
        <test-method signature="Test11_Upload_1000_Contacts_txt_or_csv()[pri:0, instance:mikaels.frank.FrankTestClass@2925bf5b]" started-at="2018-09-24T13:28:04Z" name="Test11_Upload_1000_Contacts_txt_or_csv" finished-at="2018-09-24T13:28:15Z" duration-ms="11554" status="PASS">
          <reporter-output>
          </reporter-output>
        </test-method> <!-- Test11_Upload_1000_Contacts_txt_or_csv -->
        <test-method signature="Test12_Click_Save_And_Continue2()[pri:0, instance:mikaels.frank.FrankTestClass@2925bf5b]" started-at="2018-09-24T13:28:15Z" name="Test12_Click_Save_And_Continue2" finished-at="2018-09-24T13:28:21Z" duration-ms="5174" status="PASS">
          <reporter-output>
          </reporter-output>
        </test-method> <!-- Test12_Click_Save_And_Continue2 -->
        <test-method signature="Test13_Click_Create_Fb_Ad()[pri:0, instance:mikaels.frank.FrankTestClass@2925bf5b]" started-at="2018-09-24T13:28:21Z" name="Test13_Click_Create_Fb_Ad" finished-at="2018-09-24T13:28:22Z" duration-ms="1137" status="PASS">
          <reporter-output>
          </reporter-output>
        </test-method> <!-- Test13_Click_Create_Fb_Ad -->
        <test-method signature="Test14_Fill_Fb_Ad_Form()[pri:0, instance:mikaels.frank.FrankTestClass@2925bf5b]" started-at="2018-09-24T13:28:22Z" name="Test14_Fill_Fb_Ad_Form" finished-at="2018-09-24T13:28:36Z" duration-ms="13825" status="PASS">
          <reporter-output>
          </reporter-output>
        </test-method> <!-- Test14_Fill_Fb_Ad_Form -->
        <test-method signature="Test15_Upload_Banners()[pri:0, instance:mikaels.frank.FrankTestClass@2925bf5b]" started-at="2018-09-24T13:28:36Z" name="Test15_Upload_Banners" finished-at="2018-09-24T13:28:44Z" duration-ms="8623" status="PASS">
          <reporter-output>
          </reporter-output>
        </test-method> <!-- Test15_Upload_Banners -->
        <test-method signature="Test16_Click_Continue_To_Billing()[pri:0, instance:mikaels.frank.FrankTestClass@2925bf5b]" started-at="2018-09-24T13:28:44Z" name="Test16_Click_Continue_To_Billing" finished-at="2018-09-24T13:28:49Z" duration-ms="5105" status="PASS">
          <reporter-output>
          </reporter-output>
        </test-method> <!-- Test16_Click_Continue_To_Billing -->
        <test-method signature="Test17_Select_End_Date()[pri:0, instance:mikaels.frank.FrankTestClass@2925bf5b]" started-at="2018-09-24T13:28:49Z" name="Test17_Select_End_Date" finished-at="2018-09-24T13:29:06Z" duration-ms="16760" status="PASS">
          <reporter-output>
          </reporter-output>
        </test-method> <!-- Test17_Select_End_Date -->
        <test-method signature="Test18_Create_Campaign_And_Verify()[pri:0, instance:mikaels.frank.FrankTestClass@2925bf5b]" started-at="2018-09-24T13:29:06Z" name="Test18_Create_Campaign_And_Verify" finished-at="2018-09-24T13:29:07Z" duration-ms="1137" status="PASS">
          <reporter-output>
          </reporter-output>
        </test-method> <!-- Test18_Create_Campaign_And_Verify -->
        <test-method is-config="true" signature="afterClass()[pri:0, instance:mikaels.frank.FrankTestClass@2925bf5b]" started-at="2018-09-24T13:29:07Z" name="afterClass" finished-at="2018-09-24T13:29:07Z" duration-ms="267" status="PASS">
          <reporter-output>
          </reporter-output>
        </test-method> <!-- afterClass -->
      </class> <!-- mikaels.frank.FrankTestClass -->
    </test> <!-- campaignCreation -->
  </suite> <!-- frankSuite -->
</testng-results>
